{"C:\\Users\\TITO\\Documents\\node_apps\\Swapi\\src\\index.js": {"path":"C:\\Users\\TITO\\Documents\\node_apps\\Swapi\\src\\index.js","statementMap":{"0":{"start":{"line":1,"column":14},"end":{"line":1,"column":43}},"1":{"start":{"line":2,"column":15},"end":{"line":2,"column":32}},"2":{"start":{"line":3,"column":20},"end":{"line":5,"column":1}},"3":{"start":{"line":6,"column":0},"end":{"line":9,"column":1}},"4":{"start":{"line":7,"column":2},"end":{"line":7,"column":63}},"5":{"start":{"line":8,"column":2},"end":{"line":8,"column":42}},"6":{"start":{"line":11,"column":0},"end":{"line":11,"column":36}}},"fnMap":{},"branchMap":{"0":{"loc":{"start":{"line":6,"column":0},"end":{"line":9,"column":1}},"type":"if","locations":[{"start":{"line":6,"column":0},"end":{"line":9,"column":1}},{"start":{},"end":{}}],"line":6}},"s":{"0":0,"1":0,"2":0,"3":0,"4":0,"5":0,"6":0},"f":{},"b":{"0":[0,0]}}
,"C:\\Users\\TITO\\Documents\\node_apps\\Swapi\\src\\swapi\\controller.js": {"path":"C:\\Users\\TITO\\Documents\\node_apps\\Swapi\\src\\swapi\\controller.js","statementMap":{"0":{"start":{"line":1,"column":40},"end":{"line":1,"column":63}},"1":{"start":{"line":2,"column":16},"end":{"line":2,"column":36}},"2":{"start":{"line":4,"column":20},"end":{"line":11,"column":1}},"3":{"start":{"line":5,"column":2},"end":{"line":5,"column":38}},"4":{"start":{"line":6,"column":17},"end":{"line":6,"column":44}},"5":{"start":{"line":7,"column":2},"end":{"line":10,"column":3}},"6":{"start":{"line":13,"column":19},"end":{"line":28,"column":1}},"7":{"start":{"line":14,"column":2},"end":{"line":14,"column":38}},"8":{"start":{"line":15,"column":17},"end":{"line":15,"column":76}},"9":{"start":{"line":16,"column":2},"end":{"line":16,"column":61}},"10":{"start":{"line":17,"column":2},"end":{"line":22,"column":3}},"11":{"start":{"line":18,"column":4},"end":{"line":21,"column":5}},"12":{"start":{"line":23,"column":19},"end":{"line":23,"column":69}},"13":{"start":{"line":24,"column":2},"end":{"line":27,"column":3}},"14":{"start":{"line":30,"column":0},"end":{"line":33,"column":1}}},"fnMap":{"0":{"name":"(anonymous_0)","decl":{"start":{"line":4,"column":20},"end":{"line":4,"column":21}},"loc":{"start":{"line":4,"column":32},"end":{"line":11,"column":1}},"line":4},"1":{"name":"(anonymous_1)","decl":{"start":{"line":13,"column":19},"end":{"line":13,"column":20}},"loc":{"start":{"line":13,"column":38},"end":{"line":28,"column":1}},"line":13}},"branchMap":{"0":{"loc":{"start":{"line":17,"column":2},"end":{"line":22,"column":3}},"type":"if","locations":[{"start":{"line":17,"column":2},"end":{"line":22,"column":3}},{"start":{},"end":{}}],"line":17}},"s":{"0":1,"1":1,"2":1,"3":1,"4":1,"5":1,"6":1,"7":0,"8":0,"9":0,"10":0,"11":0,"12":0,"13":0,"14":1},"f":{"0":1,"1":0},"b":{"0":[0,0]},"_coverageSchema":"1a1c01bbd47fc00a2c39e90264f33305004495a9","hash":"d5e8f4bc99379afd68458fbab3f22b9c0c126817"}
,"C:\\Users\\TITO\\Documents\\node_apps\\Swapi\\src\\swapi\\data-access.js": {"path":"C:\\Users\\TITO\\Documents\\node_apps\\Swapi\\src\\swapi\\data-access.js","statementMap":{"0":{"start":{"line":1,"column":12},"end":{"line":1,"column":30}},"1":{"start":{"line":2,"column":15},"end":{"line":2,"column":30}},"2":{"start":{"line":5,"column":20},"end":{"line":19,"column":1}},"3":{"start":{"line":6,"column":2},"end":{"line":6,"column":40}},"4":{"start":{"line":7,"column":19},"end":{"line":7,"column":52}},"5":{"start":{"line":8,"column":17},"end":{"line":10,"column":14}},"6":{"start":{"line":12,"column":15},"end":{"line":17,"column":3}},"7":{"start":{"line":18,"column":2},"end":{"line":18,"column":13}},"8":{"start":{"line":21,"column":19},"end":{"line":40,"column":1}},"9":{"start":{"line":22,"column":2},"end":{"line":22,"column":39}},"10":{"start":{"line":23,"column":2},"end":{"line":23,"column":22}},"11":{"start":{"line":24,"column":19},"end":{"line":24,"column":52}},"12":{"start":{"line":25,"column":13},"end":{"line":25,"column":17}},"13":{"start":{"line":26,"column":15},"end":{"line":31,"column":3}},"14":{"start":{"line":32,"column":2},"end":{"line":37,"column":63}},"15":{"start":{"line":36,"column":16},"end":{"line":36,"column":75}},"16":{"start":{"line":37,"column":20},"end":{"line":37,"column":62}},"17":{"start":{"line":39,"column":2},"end":{"line":39,"column":13}},"18":{"start":{"line":42,"column":0},"end":{"line":45,"column":1}}},"fnMap":{"0":{"name":"(anonymous_0)","decl":{"start":{"line":5,"column":20},"end":{"line":5,"column":21}},"loc":{"start":{"line":5,"column":39},"end":{"line":19,"column":1}},"line":5},"1":{"name":"(anonymous_1)","decl":{"start":{"line":21,"column":19},"end":{"line":21,"column":20}},"loc":{"start":{"line":21,"column":38},"end":{"line":40,"column":1}},"line":21},"2":{"name":"(anonymous_2)","decl":{"start":{"line":36,"column":10},"end":{"line":36,"column":11}},"loc":{"start":{"line":36,"column":16},"end":{"line":36,"column":75}},"line":36},"3":{"name":"(anonymous_3)","decl":{"start":{"line":37,"column":11},"end":{"line":37,"column":12}},"loc":{"start":{"line":37,"column":20},"end":{"line":37,"column":62}},"line":37}},"branchMap":{},"s":{"0":1,"1":1,"2":1,"3":2,"4":2,"5":2,"6":2,"7":2,"8":1,"9":1,"10":1,"11":1,"12":1,"13":1,"14":1,"15":1,"16":0,"17":1,"18":1},"f":{"0":2,"1":1,"2":1,"3":0},"b":{},"_coverageSchema":"1a1c01bbd47fc00a2c39e90264f33305004495a9","hash":"cbd474660423dfba7b39cd3a92051c236746a004"}
,"C:\\Users\\TITO\\Documents\\node_apps\\Swapi\\src\\swapi\\service.js": {"path":"C:\\Users\\TITO\\Documents\\node_apps\\Swapi\\src\\swapi\\service.js","statementMap":{"0":{"start":{"line":1,"column":19},"end":{"line":1,"column":43}},"1":{"start":{"line":3,"column":20},"end":{"line":6,"column":1}},"2":{"start":{"line":4,"column":2},"end":{"line":4,"column":36}},"3":{"start":{"line":5,"column":2},"end":{"line":5,"column":39}},"4":{"start":{"line":7,"column":19},"end":{"line":10,"column":1}},"5":{"start":{"line":8,"column":2},"end":{"line":8,"column":35}},"6":{"start":{"line":9,"column":2},"end":{"line":9,"column":45}},"7":{"start":{"line":11,"column":0},"end":{"line":14,"column":1}}},"fnMap":{"0":{"name":"(anonymous_0)","decl":{"start":{"line":3,"column":20},"end":{"line":3,"column":21}},"loc":{"start":{"line":3,"column":39},"end":{"line":6,"column":1}},"line":3},"1":{"name":"(anonymous_1)","decl":{"start":{"line":7,"column":19},"end":{"line":7,"column":20}},"loc":{"start":{"line":7,"column":38},"end":{"line":10,"column":1}},"line":7}},"branchMap":{},"s":{"0":1,"1":1,"2":2,"3":2,"4":1,"5":1,"6":1,"7":1},"f":{"0":2,"1":1},"b":{},"_coverageSchema":"1a1c01bbd47fc00a2c39e90264f33305004495a9","hash":"182689ec35de5e82adf12d6d5cbaf04c9413b4e4"}
,"C:\\Users\\TITO\\Documents\\node_apps\\Swapi\\src\\swapi\\validation-messages.js": {"path":"C:\\Users\\TITO\\Documents\\node_apps\\Swapi\\src\\swapi\\validation-messages.js","statementMap":{"0":{"start":{"line":1,"column":0},"end":{"line":127,"column":2}}},"fnMap":{},"branchMap":{},"s":{"0":1},"f":{},"b":{},"_coverageSchema":"1a1c01bbd47fc00a2c39e90264f33305004495a9","hash":"f7d2f33e892c5ba9de45be0a06ad1328a379481e"}
,"C:\\Users\\TITO\\Documents\\node_apps\\Swapi\\src\\swapi\\validation.js": {"path":"C:\\Users\\TITO\\Documents\\node_apps\\Swapi\\src\\swapi\\validation.js","statementMap":{"0":{"start":{"line":1,"column":12},"end":{"line":1,"column":32}},"1":{"start":{"line":2,"column":27},"end":{"line":2,"column":59}},"2":{"start":{"line":4,"column":17},"end":{"line":24,"column":1}},"3":{"start":{"line":5,"column":2},"end":{"line":23,"column":3}},"4":{"start":{"line":6,"column":23},"end":{"line":12,"column":6}},"5":{"start":{"line":13,"column":4},"end":{"line":19,"column":5}},"6":{"start":{"line":14,"column":28},"end":{"line":14,"column":30}},"7":{"start":{"line":15,"column":6},"end":{"line":17,"column":8}},"8":{"start":{"line":16,"column":8},"end":{"line":16,"column":42}},"9":{"start":{"line":18,"column":6},"end":{"line":18,"column":46}},"10":{"start":{"line":20,"column":4},"end":{"line":20,"column":84}},"11":{"start":{"line":21,"column":4},"end":{"line":21,"column":96}},"12":{"start":{"line":22,"column":4},"end":{"line":22,"column":21}},"13":{"start":{"line":26,"column":36},"end":{"line":45,"column":1}},"14":{"start":{"line":28,"column":17},"end":{"line":43,"column":4}},"15":{"start":{"line":44,"column":2},"end":{"line":44,"column":34}},"16":{"start":{"line":47,"column":0},"end":{"line":49,"column":1}}},"fnMap":{"0":{"name":"(anonymous_0)","decl":{"start":{"line":4,"column":17},"end":{"line":4,"column":18}},"loc":{"start":{"line":4,"column":44},"end":{"line":24,"column":1}},"line":4},"1":{"name":"(anonymous_1)","decl":{"start":{"line":15,"column":39},"end":{"line":15,"column":40}},"loc":{"start":{"line":15,"column":50},"end":{"line":17,"column":7}},"line":15},"2":{"name":"(anonymous_2)","decl":{"start":{"line":26,"column":36},"end":{"line":26,"column":37}},"loc":{"start":{"line":26,"column":55},"end":{"line":45,"column":1}},"line":26}},"branchMap":{"0":{"loc":{"start":{"line":5,"column":2},"end":{"line":23,"column":3}},"type":"if","locations":[{"start":{"line":5,"column":2},"end":{"line":23,"column":3}},{"start":{},"end":{}}],"line":5},"1":{"loc":{"start":{"line":13,"column":4},"end":{"line":19,"column":5}},"type":"if","locations":[{"start":{"line":13,"column":4},"end":{"line":19,"column":5}},{"start":{},"end":{}}],"line":13}},"s":{"0":1,"1":1,"2":1,"3":1,"4":1,"5":1,"6":0,"7":0,"8":0,"9":0,"10":1,"11":1,"12":1,"13":1,"14":1,"15":1,"16":1},"f":{"0":1,"1":0,"2":1},"b":{"0":[1,0],"1":[0,1]},"_coverageSchema":"1a1c01bbd47fc00a2c39e90264f33305004495a9","hash":"7a68ac7e06b4e89afb1306169accc4bc7d111bd4"}
}
